2026-02-17 09:29:22.753 +08:00 [WRN] API request failed: sales-orders, StatusCode: "NotFound", Response: Cannot GET /api/sales-orders
2026-02-17 09:29:22.897 +08:00 [ERR] Exception during API request: sales-orders
Newtonsoft.Json.JsonReaderException: Unexpected character encountered while parsing value: C. Path '', line 0, position 0.
   at Newtonsoft.Json.JsonTextReader.ParseValue()
   at Newtonsoft.Json.JsonReader.ReadForType(JsonContract contract, Boolean hasConverter)
   at Newtonsoft.Json.Serialization.JsonSerializerInternalReader.Deserialize(JsonReader reader, Type objectType, Boolean checkAdditionalContent)
   at Newtonsoft.Json.JsonSerializer.DeserializeInternal(JsonReader reader, Type objectType)
   at Newtonsoft.Json.JsonConvert.DeserializeObject(String value, Type type, JsonSerializerSettings settings)
   at Newtonsoft.Json.JsonConvert.DeserializeObject[T](String value, JsonSerializerSettings settings)
   at smpc_dispatching.Core.Services.HttpService.<SendRequestAsync>d__7`1.MoveNext() in D:\LEM\Source Tree\Dispatching\Core\Services\HttpService.cs:line 75
2026-02-17 15:54:59.623 +08:00 [WRN] API request failed: sales-orders, StatusCode: "NotFound", Response: Cannot GET /api/sales-orders
2026-02-17 15:54:59.762 +08:00 [ERR] Exception during API request: sales-orders
Newtonsoft.Json.JsonReaderException: Unexpected character encountered while parsing value: C. Path '', line 0, position 0.
   at Newtonsoft.Json.JsonTextReader.ParseValue()
   at Newtonsoft.Json.JsonReader.ReadForType(JsonContract contract, Boolean hasConverter)
   at Newtonsoft.Json.Serialization.JsonSerializerInternalReader.Deserialize(JsonReader reader, Type objectType, Boolean checkAdditionalContent)
   at Newtonsoft.Json.JsonSerializer.DeserializeInternal(JsonReader reader, Type objectType)
   at Newtonsoft.Json.JsonConvert.DeserializeObject(String value, Type type, JsonSerializerSettings settings)
   at Newtonsoft.Json.JsonConvert.DeserializeObject[T](String value, JsonSerializerSettings settings)
   at smpc_dispatching.Core.Services.HttpService.<SendRequestAsync>d__7`1.MoveNext() in D:\LEM\Source Tree\Dispatching\Core\Services\HttpService.cs:line 75
