2026-03-12 15:15:30.595 +08:00 [WRN] API request failed: login, StatusCode: "NotFound", Response: The endpoint disordered-wilhelmina-nondetrimentally.ngrok-free.dev is offline.

ERR_NGROK_3200

2026-03-12 15:15:30.734 +08:00 [ERR] Exception during API request: login
Newtonsoft.Json.JsonReaderException: Unexpected character encountered while parsing value: T. Path '', line 0, position 0.
   at Newtonsoft.Json.JsonTextReader.ParseValue()
   at Newtonsoft.Json.JsonReader.ReadForType(JsonContract contract, Boolean hasConverter)
   at Newtonsoft.Json.Serialization.JsonSerializerInternalReader.Deserialize(JsonReader reader, Type objectType, Boolean checkAdditionalContent)
   at Newtonsoft.Json.JsonSerializer.DeserializeInternal(JsonReader reader, Type objectType)
   at Newtonsoft.Json.JsonConvert.DeserializeObject(String value, Type type, JsonSerializerSettings settings)
   at Newtonsoft.Json.JsonConvert.DeserializeObject[T](String value, JsonSerializerSettings settings)
   at smpc_dispatching.Core.Services.HttpService.<SendRequestAsync>d__7`1.MoveNext() in D:\LEM\Source Tree\Dispatching\Core\Services\HttpService.cs:line 75
2026-03-12 15:19:42.405 +08:00 [WRN] API request failed: delivery-receipts/so-with-approved-ir/, StatusCode: "BadRequest", Response: {"message":"Invalid ID","success":false}
2026-03-12 15:19:42.625 +08:00 [WRN] API request failed: /api/setup/shiptype/, StatusCode: "InternalServerError", Response: {"message":"failed getting ship types","success":false}
2026-03-12 15:19:49.980 +08:00 [WRN] API request failed: calendar-schedules?department=LOGISTICS, StatusCode: "NotFound", Response: {"message":"failed getting logistics calendar schedules","success":false}
2026-03-12 15:19:50.110 +08:00 [WRN] API request failed: calendar-schedules?department=SALES, StatusCode: "NotFound", Response: {"message":"failed getting sales calendar schedules","success":false}
2026-03-12 15:19:50.158 +08:00 [WRN] API request failed: calendar-schedules?department=LOGISTICS, StatusCode: "NotFound", Response: {"message":"failed getting logistics calendar schedules","success":false}
2026-03-12 15:19:50.241 +08:00 [WRN] API request failed: calendar-schedules?department=SALES, StatusCode: "NotFound", Response: {"message":"failed getting sales calendar schedules","success":false}
2026-03-12 15:19:50.940 +08:00 [WRN] API request failed: calendar-schedules?department=ENGINEERING, StatusCode: "NotFound", Response: {"message":"failed getting engineering calendar schedules","success":false}
2026-03-12 15:19:51.099 +08:00 [WRN] API request failed: calendar-schedules?department=ENGINEERING, StatusCode: "NotFound", Response: {"message":"failed getting engineering calendar schedules","success":false}
2026-03-12 15:19:51.986 +08:00 [WRN] API request failed: calendar-schedules?department=LOGISTICS, StatusCode: "NotFound", Response: {"message":"failed getting logistics calendar schedules","success":false}
2026-03-12 15:19:52.276 +08:00 [WRN] API request failed: calendar-schedules?department=LOGISTICS, StatusCode: "NotFound", Response: {"message":"failed getting logistics calendar schedules","success":false}
2026-03-12 15:19:52.443 +08:00 [WRN] API request failed: calendar-schedules?department=ENGINEERING, StatusCode: "NotFound", Response: {"message":"failed getting engineering calendar schedules","success":false}
2026-03-12 15:19:52.630 +08:00 [WRN] API request failed: calendar-schedules?department=ENGINEERING, StatusCode: "NotFound", Response: {"message":"failed getting engineering calendar schedules","success":false}
2026-03-12 15:19:53.263 +08:00 [WRN] API request failed: calendar-schedules?department=SALES, StatusCode: "NotFound", Response: {"message":"failed getting sales calendar schedules","success":false}
2026-03-12 15:19:53.591 +08:00 [WRN] API request failed: calendar-schedules?department=SALES, StatusCode: "NotFound", Response: {"message":"failed getting sales calendar schedules","success":false}
