2026-03-07 08:56:28.507 +08:00 [WRN] API request failed: delivery-receipts, StatusCode: "InternalServerError", Response: {"message":"DeliveryReceiptCost: unsupported relations for schema DeliveryReceipt","success":false}
2026-03-07 09:16:09.055 +08:00 [WRN] API request failed: delivery-receipts, StatusCode: "InternalServerError", Response: {"message":"DeliveryReceiptCost: unsupported relations for schema DeliveryReceipt","success":false}
2026-03-07 09:16:29.983 +08:00 [WRN] API request failed: delivery-receipts, StatusCode: "InternalServerError", Response: {"message":"DeliveryReceiptCost: unsupported relations for schema DeliveryReceipt","success":false}
2026-03-07 09:19:24.359 +08:00 [WRN] API request failed: delivery-receipts, StatusCode: "InternalServerError", Response: {"message":"DeliveryReceiptCost: unsupported relations for schema DeliveryReceipt","success":false}
2026-03-07 09:19:40.648 +08:00 [WRN] API request failed: delivery-receipts, StatusCode: "InternalServerError", Response: {"message":"DeliveryReceiptCost: unsupported relations for schema DeliveryReceipt","success":false}
2026-03-07 09:21:37.578 +08:00 [WRN] API request failed: delivery-receipts, StatusCode: "InternalServerError", Response: {"message":"DeliveryReceiptCost: unsupported relations for schema DeliveryReceipt","success":false}
2026-03-07 09:21:46.793 +08:00 [WRN] API request failed: delivery-receipts, StatusCode: "InternalServerError", Response: {"message":"DeliveryReceiptCost: unsupported relations for schema DeliveryReceipt","success":false}
2026-03-07 09:22:40.520 +08:00 [WRN] API request failed: delivery-receipts, StatusCode: "InternalServerError", Response: {"message":"DeliveryReceiptCost: unsupported relations for schema DeliveryReceipt","success":false}
2026-03-07 09:22:48.697 +08:00 [WRN] API request failed: delivery-receipts, StatusCode: "InternalServerError", Response: {"message":"DeliveryReceiptCost: unsupported relations for schema DeliveryReceipt","success":false}
2026-03-07 09:23:26.799 +08:00 [WRN] API request failed: delivery-receipts, StatusCode: "InternalServerError", Response: {"message":"DeliveryReceiptCost: unsupported relations for schema DeliveryReceipt","success":false}
2026-03-07 09:24:00.578 +08:00 [WRN] API request failed: delivery-receipts, StatusCode: "InternalServerError", Response: {"message":"DeliveryReceiptCost: unsupported relations for schema DeliveryReceipt","success":false}
2026-03-07 09:24:29.061 +08:00 [WRN] API request failed: delivery-receipts, StatusCode: "InternalServerError", Response: {"message":"DeliveryReceiptCost: unsupported relations for schema DeliveryReceipt","success":false}
2026-03-07 09:28:46.252 +08:00 [WRN] API request failed: delivery-receipts, StatusCode: "InternalServerError", Response: {"message":"DeliveryReceiptCost: unsupported relations for schema DeliveryReceipt","success":false}
2026-03-07 09:29:21.846 +08:00 [WRN] API request failed: delivery-receipts, StatusCode: "InternalServerError", Response: {"message":"DeliveryReceiptCost: unsupported relations for schema DeliveryReceipt","success":false}
2026-03-07 09:40:57.802 +08:00 [WRN] API request failed: delivery-receipts, StatusCode: "InternalServerError", Response: {"message":"DeliveryReceiptCost: unsupported relations for schema DeliveryReceipt","success":false}
2026-03-07 10:21:45.066 +08:00 [WRN] API request failed: delivery-receipts, StatusCode: "InternalServerError", Response: {"message":"DeliveryReceiptCost: unsupported relations for schema DeliveryReceipt","success":false}
2026-03-07 10:28:45.054 +08:00 [WRN] API request failed: delivery-receipts, StatusCode: "InternalServerError", Response: {"message":"DeliveryReceiptCost: unsupported relations for schema DeliveryReceipt","success":false}
2026-03-07 10:33:49.327 +08:00 [WRN] API request failed: delivery-receipts, StatusCode: "InternalServerError", Response: {"message":"DeliveryReceiptCost: unsupported relations for schema DeliveryReceipt","success":false}
2026-03-07 10:34:53.009 +08:00 [WRN] API request failed: delivery-receipts, StatusCode: "InternalServerError", Response: {"message":"DeliveryReceiptCost: unsupported relations for schema DeliveryReceipt","success":false}
2026-03-07 10:36:00.303 +08:00 [WRN] API request failed: delivery-receipts, StatusCode: "InternalServerError", Response: {"message":"DeliveryReceiptCost: unsupported relations for schema DeliveryReceipt","success":false}
2026-03-07 10:37:41.126 +08:00 [WRN] API request failed: delivery-receipts, StatusCode: "InternalServerError", Response: {"message":"DeliveryReceiptCost: unsupported relations for schema DeliveryReceipt","success":false}
2026-03-07 14:09:38.991 +08:00 [WRN] API request failed: delivery-receipts, StatusCode: "InternalServerError", Response: {"message":"DeliveryReceiptCost: unsupported relations for schema DeliveryReceipt","success":false}
2026-03-07 14:17:07.976 +08:00 [WRN] API request failed: delivery-receipts, StatusCode: "InternalServerError", Response: {"message":"DeliveryReceiptCost: unsupported relations for schema DeliveryReceipt","success":false}
2026-03-07 15:02:34.707 +08:00 [WRN] API request failed: delivery-receipts, StatusCode: "InternalServerError", Response: {"message":"DeliveryReceiptCost: unsupported relations for schema DeliveryReceipt","success":false}
2026-03-07 16:17:59.542 +08:00 [WRN] API request failed: delivery-receipts, StatusCode: "InternalServerError", Response: {"message":"DeliveryReceiptCost: unsupported relations for schema DeliveryReceipt","success":false}
2026-03-07 16:18:02.713 +08:00 [WRN] API request failed: /delivery-receipts/so-with-approved-ir//10005, StatusCode: "NotFound", Response: Cannot GET /delivery-receipts/so-with-approved-ir//10005
2026-03-07 16:18:02.757 +08:00 [ERR] Exception during API request: /delivery-receipts/so-with-approved-ir//10005
Newtonsoft.Json.JsonReaderException: Unexpected character encountered while parsing value: C. Path '', line 0, position 0.
   at Newtonsoft.Json.JsonTextReader.ParseValue()
   at Newtonsoft.Json.JsonReader.ReadForType(JsonContract contract, Boolean hasConverter)
   at Newtonsoft.Json.Serialization.JsonSerializerInternalReader.Deserialize(JsonReader reader, Type objectType, Boolean checkAdditionalContent)
   at Newtonsoft.Json.JsonSerializer.DeserializeInternal(JsonReader reader, Type objectType)
   at Newtonsoft.Json.JsonConvert.DeserializeObject(String value, Type type, JsonSerializerSettings settings)
   at Newtonsoft.Json.JsonConvert.DeserializeObject[T](String value, JsonSerializerSettings settings)
   at smpc_dispatching.Core.Services.HttpService.<SendRequestAsync>d__7`1.MoveNext() in D:\LEM\Source Tree\Dispatching\Core\Services\HttpService.cs:line 75
2026-03-07 16:18:13.841 +08:00 [WRN] API request failed: /delivery-receipts/so-with-approved-ir//1, StatusCode: "NotFound", Response: Cannot GET /delivery-receipts/so-with-approved-ir//1
2026-03-07 16:18:13.870 +08:00 [ERR] Exception during API request: /delivery-receipts/so-with-approved-ir//1
Newtonsoft.Json.JsonReaderException: Unexpected character encountered while parsing value: C. Path '', line 0, position 0.
   at Newtonsoft.Json.JsonTextReader.ParseValue()
   at Newtonsoft.Json.JsonReader.ReadForType(JsonContract contract, Boolean hasConverter)
   at Newtonsoft.Json.Serialization.JsonSerializerInternalReader.Deserialize(JsonReader reader, Type objectType, Boolean checkAdditionalContent)
   at Newtonsoft.Json.JsonSerializer.DeserializeInternal(JsonReader reader, Type objectType)
   at Newtonsoft.Json.JsonConvert.DeserializeObject(String value, Type type, JsonSerializerSettings settings)
   at Newtonsoft.Json.JsonConvert.DeserializeObject[T](String value, JsonSerializerSettings settings)
   at smpc_dispatching.Core.Services.HttpService.<SendRequestAsync>d__7`1.MoveNext() in D:\LEM\Source Tree\Dispatching\Core\Services\HttpService.cs:line 75
2026-03-07 16:19:13.209 +08:00 [WRN] API request failed: delivery-receipts, StatusCode: "InternalServerError", Response: {"message":"DeliveryReceiptCost: unsupported relations for schema DeliveryReceipt","success":false}
2026-03-07 16:19:16.969 +08:00 [WRN] API request failed: /delivery-receipts/so-with-approved-ir/10005, StatusCode: "NotFound", Response: Cannot GET /delivery-receipts/so-with-approved-ir/10005
2026-03-07 16:19:17.008 +08:00 [ERR] Exception during API request: /delivery-receipts/so-with-approved-ir/10005
Newtonsoft.Json.JsonReaderException: Unexpected character encountered while parsing value: C. Path '', line 0, position 0.
   at Newtonsoft.Json.JsonTextReader.ParseValue()
   at Newtonsoft.Json.JsonReader.ReadForType(JsonContract contract, Boolean hasConverter)
   at Newtonsoft.Json.Serialization.JsonSerializerInternalReader.Deserialize(JsonReader reader, Type objectType, Boolean checkAdditionalContent)
   at Newtonsoft.Json.JsonSerializer.DeserializeInternal(JsonReader reader, Type objectType)
   at Newtonsoft.Json.JsonConvert.DeserializeObject(String value, Type type, JsonSerializerSettings settings)
   at Newtonsoft.Json.JsonConvert.DeserializeObject[T](String value, JsonSerializerSettings settings)
   at smpc_dispatching.Core.Services.HttpService.<SendRequestAsync>d__7`1.MoveNext() in D:\LEM\Source Tree\Dispatching\Core\Services\HttpService.cs:line 75
2026-03-07 16:21:43.418 +08:00 [WRN] API request failed: delivery-receipts, StatusCode: "InternalServerError", Response: {"message":"DeliveryReceiptCost: unsupported relations for schema DeliveryReceipt","success":false}
2026-03-07 16:21:49.419 +08:00 [WRN] API request failed: /delivery-receipts/so-with-approved-ir-details/10005, StatusCode: "NotFound", Response: Cannot GET /delivery-receipts/so-with-approved-ir-details/10005
2026-03-07 16:21:49.463 +08:00 [ERR] Exception during API request: /delivery-receipts/so-with-approved-ir-details/10005
Newtonsoft.Json.JsonReaderException: Unexpected character encountered while parsing value: C. Path '', line 0, position 0.
   at Newtonsoft.Json.JsonTextReader.ParseValue()
   at Newtonsoft.Json.JsonReader.ReadForType(JsonContract contract, Boolean hasConverter)
   at Newtonsoft.Json.Serialization.JsonSerializerInternalReader.Deserialize(JsonReader reader, Type objectType, Boolean checkAdditionalContent)
   at Newtonsoft.Json.JsonSerializer.DeserializeInternal(JsonReader reader, Type objectType)
   at Newtonsoft.Json.JsonConvert.DeserializeObject(String value, Type type, JsonSerializerSettings settings)
   at Newtonsoft.Json.JsonConvert.DeserializeObject[T](String value, JsonSerializerSettings settings)
   at smpc_dispatching.Core.Services.HttpService.<SendRequestAsync>d__7`1.MoveNext() in D:\LEM\Source Tree\Dispatching\Core\Services\HttpService.cs:line 75
2026-03-07 16:21:57.523 +08:00 [WRN] API request failed: /delivery-receipts/so-with-approved-ir-details/1, StatusCode: "NotFound", Response: Cannot GET /delivery-receipts/so-with-approved-ir-details/1
2026-03-07 16:21:57.553 +08:00 [ERR] Exception during API request: /delivery-receipts/so-with-approved-ir-details/1
Newtonsoft.Json.JsonReaderException: Unexpected character encountered while parsing value: C. Path '', line 0, position 0.
   at Newtonsoft.Json.JsonTextReader.ParseValue()
   at Newtonsoft.Json.JsonReader.ReadForType(JsonContract contract, Boolean hasConverter)
   at Newtonsoft.Json.Serialization.JsonSerializerInternalReader.Deserialize(JsonReader reader, Type objectType, Boolean checkAdditionalContent)
   at Newtonsoft.Json.JsonSerializer.DeserializeInternal(JsonReader reader, Type objectType)
   at Newtonsoft.Json.JsonConvert.DeserializeObject(String value, Type type, JsonSerializerSettings settings)
   at Newtonsoft.Json.JsonConvert.DeserializeObject[T](String value, JsonSerializerSettings settings)
   at smpc_dispatching.Core.Services.HttpService.<SendRequestAsync>d__7`1.MoveNext() in D:\LEM\Source Tree\Dispatching\Core\Services\HttpService.cs:line 75
2026-03-07 16:24:07.303 +08:00 [WRN] API request failed: delivery-receipts, StatusCode: "InternalServerError", Response: {"message":"DeliveryReceiptCost: unsupported relations for schema DeliveryReceipt","success":false}
2026-03-07 16:29:40.674 +08:00 [WRN] API request failed: delivery-receipts, StatusCode: "InternalServerError", Response: {"message":"DeliveryReceiptCost: unsupported relations for schema DeliveryReceipt","success":false}
2026-03-07 16:43:28.785 +08:00 [WRN] API request failed: delivery-receipts, StatusCode: "InternalServerError", Response: {"message":"DeliveryReceiptCost: unsupported relations for schema DeliveryReceipt","success":false}
2026-03-07 16:52:10.525 +08:00 [WRN] API request failed: delivery-receipts, StatusCode: "InternalServerError", Response: {"message":"DeliveryReceiptCost: unsupported relations for schema DeliveryReceipt","success":false}
2026-03-07 16:58:48.024 +08:00 [WRN] API request failed: delivery-receipts, StatusCode: "InternalServerError", Response: {"message":"DeliveryReceiptCost: unsupported relations for schema DeliveryReceipt","success":false}
2026-03-07 17:08:54.827 +08:00 [WRN] API request failed: delivery-receipts, StatusCode: "InternalServerError", Response: {"message":"DeliveryReceiptCost: unsupported relations for schema DeliveryReceipt","success":false}
2026-03-07 17:14:27.197 +08:00 [WRN] API request failed: delivery-receipts, StatusCode: "InternalServerError", Response: {"message":"DeliveryReceiptCost: unsupported relations for schema DeliveryReceipt","success":false}
2026-03-07 17:28:04.665 +08:00 [WRN] API request failed: delivery-receipts, StatusCode: "InternalServerError", Response: {"message":"DeliveryReceiptCost: unsupported relations for schema DeliveryReceipt","success":false}
2026-03-07 17:28:53.055 +08:00 [WRN] API request failed: delivery-receipts, StatusCode: "InternalServerError", Response: {"message":"DeliveryReceiptCost: unsupported relations for schema DeliveryReceipt","success":false}
2026-03-07 17:29:00.848 +08:00 [WRN] API request failed: delivery-receipts, StatusCode: "InternalServerError", Response: {"message":"DeliveryReceiptCost: unsupported relations for schema DeliveryReceipt","success":false}
